<?xml version="1.0" encoding="UTF-8"?>
<testng-results ignored="0" total="1" passed="1" failed="0" skipped="0">
  <reporter-output>
    <line>
      <![CDATA[PostOperation is successful]]>
    </line>
    <line>
      <![CDATA[success]]>
    </line>
  </reporter-output>
  <suite started-at="2022-01-22T11:34:08 IST" name="Default suite" finished-at="2022-01-22T11:34:10 IST" duration-ms="2653">
    <groups>
    </groups>
    <test started-at="2022-01-22T11:34:08 IST" name="Default test" finished-at="2022-01-22T11:34:10 IST" duration-ms="2653">
      <class name="com.GitHub.TestScripts.PostOperation">
        <test-method is-config="true" signature="configBS()[pri:0, instance:com.GitHub.TestScripts.PostOperation@6d4e5011]" started-at="2022-01-22T11:34:07 IST" name="configBS" finished-at="2022-01-22T11:34:08 IST" duration-ms="573" status="PASS">
          <reporter-output>
          </reporter-output>
        </test-method> <!-- configBS -->
        <test-method signature="tc2()[pri:0, instance:com.GitHub.TestScripts.PostOperation@6d4e5011]" started-at="2022-01-22T11:34:08 IST" name="tc2" finished-at="2022-01-22T11:34:10 IST" duration-ms="2629" status="PASS">
          <reporter-output>
            <line>
              <![CDATA[PostOperation is successful]]>
            </line>
          </reporter-output>
        </test-method> <!-- tc2 -->
        <test-method is-config="true" signature="configAS()[pri:0, instance:com.GitHub.TestScripts.PostOperation@6d4e5011]" started-at="2022-01-22T11:34:10 IST" name="configAS" finished-at="2022-01-22T11:34:10 IST" duration-ms="0" status="PASS">
          <reporter-output>
            <line>
              <![CDATA[success]]>
            </line>
          </reporter-output>
        </test-method> <!-- configAS -->
      </class> <!-- com.GitHub.TestScripts.PostOperation -->
    </test> <!-- Default test -->
  </suite> <!-- Default suite -->
</testng-results>
